
------------------------------------------------------------------------------------------------------------------
LogFileName    : Deploy.log
TimeStamp      : 15-May-2024_12-22-41
Options        : Full Update
Deploy Source  : BMIDE
------------------------------------------------------------------------------------------------------------------


------------------------------------------------------------------------------------------------------------------
Deploy Summary
------------------------------------------------------------------------------------------------------------------

*****  BMIDE deployment lock utility results  *****

*****  BMIDE deployment lock utility is successful  *****
2024/05/15-10:22:49.621 UTC - INFO  - - 0C41EE91A - - - Deploy Step 1 of 9: Success
2024/05/15-10:22:50.544 UTC - INFO  - - 0C41EE91A - - - Deploy Step 2 of 9: Success
2024/05/15-10:22:50.580 UTC - INFO  - - 0C41EE91A - - - Deploy Step 3 of 9: Success
2024/05/15-10:22:50.591 UTC - INFO  - - 0C41EE91A - - - Deploy Step 4 of 9: Success
2024/05/15-10:23:00.647 UTC - INFO  - - 0C41EE91A - - - Deploy Step 5 of 9: Success
2024/05/15-10:23:09.622 UTC - INFO  - - 0C41EE91A - - - Deploy Step 6 of 9: Success
2024/05/15-10:24:27.536 UTC - INFO  - - 0C41EE91A - - - Deploy Step 7 of 9: Success
2024/05/15-10:24:31.301 UTC - INFO  - - 0C41EE91A - - - Deploy Step 8 of 9: Success
Deploy Step 0 of 0: Success
2024/05/15-10:22:49.575 UTC - INFO  - - 0C41EE91A - - - ---------------------------------------------------------------------------------------------------------------------
2024/05/15-10:22:49.617 UTC - INFO  - - 0C41EE91A - - - Deploy Step 1 of 9:
2024/05/15-10:22:49.619 UTC - INFO  - - 0C41EE91A - - - ---------------------------------------------------------------------------------------------------------------------
2024/05/15-10:22:49.619 UTC - INFO  - - 0C41EE91A - - - Description: Validating template for deployment 

2024/05/15-10:22:49.619 UTC - INFO  - - 0C41EE91A - - - 
Result: Success
2024/05/15-10:22:49.621 UTC - INFO  - - 0C41EE91A - - - 


2024/05/15-10:22:49.635 UTC - INFO  - - 0C41EE91A - - - ---------------------------------------------------------------------------------------------------------------------
2024/05/15-10:22:49.635 UTC - INFO  - - 0C41EE91A - - - Deploy Step 2 of 9:
2024/05/15-10:22:49.635 UTC - INFO  - - 0C41EE91A - - - ---------------------------------------------------------------------------------------------------------------------
2024/05/15-10:22:49.635 UTC - INFO  - - 0C41EE91A - - - Description: Adding entries to the master.xml file

Adding the following entries:
2024/05/15-10:22:49.648 UTC - INFO  - - 0C41EE91A - - - mo4morelo_template.xml
2024/05/15-10:22:50.543 UTC - INFO  - - 0C41EE91A - - - 
Result: Success


2024/05/15-10:22:50.575 UTC - INFO  - - 0C41EE91A - - - ---------------------------------------------------------------------------------------------------------------------
2024/05/15-10:22:50.575 UTC - INFO  - - 0C41EE91A - - - Deploy Step 3 of 9:
2024/05/15-10:22:50.575 UTC - INFO  - - 0C41EE91A - - - ---------------------------------------------------------------------------------------------------------------------
2024/05/15-10:22:50.575 UTC - INFO  - - 0C41EE91A - - - Description: Backup the existing model.xml file to model_backup.xml. 
Consolidate all templates into the <TC_DATA>/model/model.xml file.
Backing up model.xml to model_backup.xml.

2024/05/15-10:22:50.580 UTC - INFO  - - 0C41EE91A - - - The file model.xml is copied to: C:\Siemens\tcdata\model\model_backup.xml
2024/05/15-10:22:50.580 UTC - INFO  - - 0C41EE91A - - - 
Result: Success
2024/05/15-10:22:50.580 UTC - INFO  - - 0C41EE91A - - - 


2024/05/15-10:22:50.580 UTC - INFO  - - 0C41EE91A - - - ---------------------------------------------------------------------------------------------------------------------
2024/05/15-10:22:50.580 UTC - INFO  - - 0C41EE91A - - - Deploy Step 4 of 9:
2024/05/15-10:22:50.580 UTC - INFO  - - 0C41EE91A - - - ---------------------------------------------------------------------------------------------------------------------
2024/05/15-10:22:50.580 UTC - INFO  - - 0C41EE91A - - - Description: Creates a backup of model_lang.xml into model_lang_backup.xml.
2024/05/15-10:22:50.589 UTC - INFO  - - 0C41EE91A - - - The file model_lang.xml is copied to: C:\Siemens\tcdata\model\lang\model_backup_lang.xml
2024/05/15-10:22:50.591 UTC - INFO  - - 0C41EE91A - - - 
Result: Success
2024/05/15-10:22:50.591 UTC - INFO  - - 0C41EE91A - - - 


2024/05/15-10:22:53.314 UTC - INFO  - - 0C41EE91A - - - ---------------------------------------------------------------------------------------------------------------------
2024/05/15-10:22:53.317 UTC - INFO  - - 0C41EE91A - - - Deploy Step 5 of 9:
2024/05/15-10:22:53.318 UTC - INFO  - - 0C41EE91A - - - ---------------------------------------------------------------------------------------------------------------------
2024/05/15-10:22:53.319 UTC - INFO  - - 0C41EE91A - - - Description: Consolidate templates from master.xml to model.xml. 

2024/05/15-10:22:53.322 UTC - INFO  - - 0C41EE91A - - - The full path to the master file:C:\Siemens\tcdata\model
2024/05/15-10:22:53.322 UTC - INFO  - - 0C41EE91A - - - The full path to the file that should be generated: C:\Siemens\tcdata\model\model.xml
2024/05/15-10:23:00.643 UTC - INFO  - - 0C41EE91A - - - 
Result: Success
2024/05/15-10:23:00.646 UTC - INFO  - - 0C41EE91A - - - 


2024/05/15-10:23:09.620 UTC - INFO  - - 0C41EE91A - - - ---------------------------------------------------------------------------------------------------------------------
2024/05/15-10:23:09.622 UTC - INFO  - - 0C41EE91A - - - Deploy Step 6 of 9:
2024/05/15-10:23:09.622 UTC - INFO  - - 0C41EE91A - - - ---------------------------------------------------------------------------------------------------------------------
2024/05/15-10:23:09.622 UTC - INFO  - - 0C41EE91A - - - Description: Extract the list of allowable Live Update elements
from the database into the live_update_preference.xml file.
2024/05/15-10:23:09.622 UTC - INFO  - - 0C41EE91A - - - The Process Mode is not Ops Data
2024/05/15-10:23:09.622 UTC - INFO  - - 0C41EE91A - - - 
Result: Success
2024/05/15-10:23:09.622 UTC - INFO  - - 0C41EE91A - - - 


2024/05/15-10:23:09.624 UTC - INFO  - - 0C41EE91A - - - ---------------------------------------------------------------------------------------------------------------------
2024/05/15-10:23:09.625 UTC - INFO  - - 0C41EE91A - - - Deploy Step 7 of 9:
2024/05/15-10:23:09.625 UTC - INFO  - - 0C41EE91A - - - ---------------------------------------------------------------------------------------------------------------------
2024/05/15-10:23:09.625 UTC - INFO  - - 0C41EE91A - - - Description: Loads the new model (deployed from BMIDE) and the old model (previous) 
to compute the elements that were added, deleted, or changed in the BMIDE. 
Verifies that each of these elements are permitted to be updated by verifying against 
the Live Update Elements List from the database. Writes the added, deleted, changed elements to a delta.xml file.

2024/05/15-10:23:09.635 UTC - INFO  - - 0C41EE91A - - - Loading the Backup File...
2024/05/15-10:23:55.236 UTC - INFO  - - 0C41EE91A - - - Loading the Consolidated File...
2024/05/15-10:24:24.711 UTC - INFO  - - 0C41EE91A - - - Comparing the two Files...
2024/05/15-10:24:27.435 UTC - INFO  - - 0C41EE91A - - - Creating the Delta file...
2024/05/15-10:24:27.536 UTC - INFO  - - 0C41EE91A - - - 
Result: Success
2024/05/15-10:24:27.536 UTC - INFO  - - 0C41EE91A - - - 


2024/05/15-10:24:27.536 UTC - INFO  - - 0C41EE91A - - - ---------------------------------------------------------------------------------------------------------------------
2024/05/15-10:24:27.545 UTC - INFO  - - 0C41EE91A - - - Deploy Step 8 of 9:
2024/05/15-10:24:27.545 UTC - INFO  - - 0C41EE91A - - - ---------------------------------------------------------------------------------------------------------------------
2024/05/15-10:24:27.545 UTC - INFO  - - 0C41EE91A - - - Description: Compares model_lang.xml and model_lang_backup.xml and generates delta_lang.xml.
2024/05/15-10:24:27.629 UTC - INFO  - - 0C41EE91A - - - Comparing the two Localization Files...
2024/05/15-10:24:31.265 UTC - INFO  - - 0C41EE91A - - - Creating the Localization Delta file...
2024/05/15-10:24:31.301 UTC - INFO  - - 0C41EE91A - - - 
Result: Success
2024/05/15-10:24:31.301 UTC - INFO  - - 0C41EE91A - - - 


Uploading the project backup files to Database...
	 Processing File:mo4morelo_project_tc14000.3.0.zip
Result: Success



Uploading the project icon files to Database...
Result: Completed uploading the project icon files 



---------------------------------------------------------------------------------------------------------------------
Deploy Step 0 of 0:
---------------------------------------------------------------------------------------------------------------------
Description: Process the delta.xml file committing each data model element to the database.
Executing: business_model_updater.
Result: Success



====================================================================================================================================
Command output for the business_model_updater
====================================================================================================================================
 Log File Name   : C:\Temp\transientVolume_infodba\BMIDE\2024_05_15_12-22-41\process\business_model_updater.log
 Model File Name : C:\Siemens\tcdata\model\delta.xml
 Update Option   : all
 Run Mode        : upgrade
 Process Option  : all
====================================================================================================================================


====================================================================================================================================
Processed Schema Changes:
====================================================================================================================================
Action | Element Type   | Element Name                   | Error # | Error                                           | Template Name
-------|----------------|--------------------------------|---------|-------------------------------------------------|--------------




====================================================================================================================================
Unprocessed Schema Changes:
====================================================================================================================================
Action | Element Type   | Element Name                   | Error # | Error                                           | Template Name
-------|----------------|--------------------------------|---------|-------------------------------------------------|--------------




====================================================================================================================================
Processed Non-Schema Changes:
====================================================================================================================================
Action | Element Type   | Element Name                   | Error # | Error                                           | Template Name
-------|----------------|--------------------------------|---------|-------------------------------------------------|--------------
Change | Condition      | MO4_WFFilter_Design            |       0 | Success                                         |              
Delete | Condition      | MO4_Is_Group_dba               |       0 | Success                                         |              




====================================================================================================================================
Unprocessed Non-Schema Changes:
====================================================================================================================================
Action | Element Type   | Element Name                   | Error # | Error                                           | Template Name
-------|----------------|--------------------------------|---------|-------------------------------------------------|--------------




-------|----------------|--------------------------------|---------|-------------------------------------------------|--------------

*****  Please refer to the Multi-Fields Keys (MFK) updater log at the following location for status of processed MFK type constant attach element(s): C:\Users\install\AppData\Local\Temp\mfk_updater_2024_05_15_12-25-30.log.
Memory=55821222, SQL=574, Time 0.062000s cpu, 0.379000s real at-Statistics

