====================================================================================================================================
Command output for the business_model_updater
====================================================================================================================================
 Log File Name   : C:\Temp\transientVolume_infodba\BMIDE\2024_04_19_13-51-53\process\business_model_updater_lang.log
 Model File Name : C:\Siemens\tcdata\model\lang\delta_lang.xml
 Update Option   : localization
 Run Mode        : upgrade
 Process Option  : all
====================================================================================================================================


====================================================================================================================================
Processed Schema Changes:
====================================================================================================================================
Action | Element Type   | Element Name                   | Error # | Error                                           | Template Name
-------|----------------|--------------------------------|---------|-------------------------------------------------|--------------




====================================================================================================================================
Unprocessed Schema Changes:
====================================================================================================================================
Action | Element Type   | Element Name                   | Error # | Error                                           | Template Name
-------|----------------|--------------------------------|---------|-------------------------------------------------|--------------




====================================================================================================================================
Processed Non-Schema Changes:
====================================================================================================================================
Action | Element Type   | Element Name                   | Error # | Error                                           | Template Name
-------|----------------|--------------------------------|---------|-------------------------------------------------|--------------
Add    | Property       | MO4_Cover{::}mo4_article_number|       0 | Success                                         |              
Change | Property       | MO4_Rim{::}mo4_article_number  |       0 | Success                                         |              
Change | Property       | MO4_Rim{::}mo4_length_excess   |       0 | Success                                         |              
Change | Property       | MO4_Rim{::}mo4_width_max       |       0 | Success                                         |              
Change | Property       | MO4_Rim{::}mo4_width_min       |       0 | Success                                         |              




====================================================================================================================================
Unprocessed Non-Schema Changes:
====================================================================================================================================
Action | Element Type   | Element Name                   | Error # | Error                                           | Template Name
-------|----------------|--------------------------------|---------|-------------------------------------------------|--------------




-------|----------------|--------------------------------|---------|-------------------------------------------------|--------------

*****  Please refer to the Multi-Fields Keys (MFK) updater log at the following location for status of processed MFK type constant attach element(s): C:\Users\install\AppData\Local\Temp\mfk_updater_2024_04_19_13-54-45.log.
Memory=56371031, SQL=509, Time 0.046000s cpu, 0.274000s real at-Statistics
