
------------------------------------------------------------------------------------------------------------------
LogFileName    : Deploy.log
TimeStamp      : 19-Apr-2024_13-51-53
Options        : Full Update
Deploy Source  : BMIDE
------------------------------------------------------------------------------------------------------------------


------------------------------------------------------------------------------------------------------------------
Deploy Summary
------------------------------------------------------------------------------------------------------------------

*****  BMIDE deployment lock utility results  *****

*****  BMIDE deployment lock utility is successful  *****
2024/04/19-11:51:59.273 UTC - INFO  - - 033914722 - - - Deploy Step 1 of 9: Success
2024/04/19-11:51:59.620 UTC - INFO  - - 033914722 - - - Deploy Step 2 of 9: Success
2024/04/19-11:51:59.639 UTC - INFO  - - 033914722 - - - Deploy Step 3 of 9: Success
2024/04/19-11:51:59.643 UTC - INFO  - - 033914722 - - - Deploy Step 4 of 9: Success
2024/04/19-11:52:06.526 UTC - INFO  - - 033914722 - - - Deploy Step 5 of 9: Success
2024/04/19-11:52:11.524 UTC - INFO  - - 033914722 - - - Deploy Step 6 of 9: Success
2024/04/19-11:53:02.702 UTC - INFO  - - 033914722 - - - Deploy Step 7 of 9: Success
2024/04/19-11:53:06.129 UTC - INFO  - - 033914722 - - - Deploy Step 8 of 9: Success
Deploy Step 0 of 0: Success
2024/04/19-11:51:59.262 UTC - INFO  - - 033914722 - - - ---------------------------------------------------------------------------------------------------------------------
2024/04/19-11:51:59.271 UTC - INFO  - - 033914722 - - - Deploy Step 1 of 9:
2024/04/19-11:51:59.271 UTC - INFO  - - 033914722 - - - ---------------------------------------------------------------------------------------------------------------------
2024/04/19-11:51:59.271 UTC - INFO  - - 033914722 - - - Description: Validating template for deployment 

2024/04/19-11:51:59.271 UTC - INFO  - - 033914722 - - - 
Result: Success
2024/04/19-11:51:59.272 UTC - INFO  - - 033914722 - - - 


2024/04/19-11:51:59.273 UTC - INFO  - - 033914722 - - - ---------------------------------------------------------------------------------------------------------------------
2024/04/19-11:51:59.274 UTC - INFO  - - 033914722 - - - Deploy Step 2 of 9:
2024/04/19-11:51:59.274 UTC - INFO  - - 033914722 - - - ---------------------------------------------------------------------------------------------------------------------
2024/04/19-11:51:59.274 UTC - INFO  - - 033914722 - - - Description: Adding entries to the master.xml file

Adding the following entries:
2024/04/19-11:51:59.276 UTC - INFO  - - 033914722 - - - mo4morelo_template.xml
2024/04/19-11:51:59.620 UTC - INFO  - - 033914722 - - - 
Result: Success


2024/04/19-11:51:59.637 UTC - INFO  - - 033914722 - - - ---------------------------------------------------------------------------------------------------------------------
2024/04/19-11:51:59.637 UTC - INFO  - - 033914722 - - - Deploy Step 3 of 9:
2024/04/19-11:51:59.637 UTC - INFO  - - 033914722 - - - ---------------------------------------------------------------------------------------------------------------------
2024/04/19-11:51:59.637 UTC - INFO  - - 033914722 - - - Description: Backup the existing model.xml file to model_backup.xml. 
Consolidate all templates into the <TC_DATA>/model/model.xml file.
Backing up model.xml to model_backup.xml.

2024/04/19-11:51:59.639 UTC - INFO  - - 033914722 - - - The file model.xml is copied to: C:\Siemens\tcdata\model\model_backup.xml
2024/04/19-11:51:59.639 UTC - INFO  - - 033914722 - - - 
Result: Success
2024/04/19-11:51:59.639 UTC - INFO  - - 033914722 - - - 


2024/04/19-11:51:59.639 UTC - INFO  - - 033914722 - - - ---------------------------------------------------------------------------------------------------------------------
2024/04/19-11:51:59.639 UTC - INFO  - - 033914722 - - - Deploy Step 4 of 9:
2024/04/19-11:51:59.639 UTC - INFO  - - 033914722 - - - ---------------------------------------------------------------------------------------------------------------------
2024/04/19-11:51:59.639 UTC - INFO  - - 033914722 - - - Description: Creates a backup of model_lang.xml into model_lang_backup.xml.
2024/04/19-11:51:59.639 UTC - INFO  - - 033914722 - - - The file model_lang.xml is copied to: C:\Siemens\tcdata\model\lang\model_backup_lang.xml
2024/04/19-11:51:59.642 UTC - INFO  - - 033914722 - - - 
Result: Success
2024/04/19-11:51:59.642 UTC - INFO  - - 033914722 - - - 


2024/04/19-11:52:00.688 UTC - INFO  - - 033914722 - - - ---------------------------------------------------------------------------------------------------------------------
2024/04/19-11:52:00.688 UTC - INFO  - - 033914722 - - - Deploy Step 5 of 9:
2024/04/19-11:52:00.690 UTC - INFO  - - 033914722 - - - ---------------------------------------------------------------------------------------------------------------------
2024/04/19-11:52:00.690 UTC - INFO  - - 033914722 - - - Description: Consolidate templates from master.xml to model.xml. 

2024/04/19-11:52:00.712 UTC - INFO  - - 033914722 - - - The full path to the master file:C:\Siemens\tcdata\model
2024/04/19-11:52:00.712 UTC - INFO  - - 033914722 - - - The full path to the file that should be generated: C:\Siemens\tcdata\model\model.xml
2024/04/19-11:52:06.524 UTC - INFO  - - 033914722 - - - 
Result: Success
2024/04/19-11:52:06.525 UTC - INFO  - - 033914722 - - - 


2024/04/19-11:52:11.520 UTC - INFO  - - 033914722 - - - ---------------------------------------------------------------------------------------------------------------------
2024/04/19-11:52:11.522 UTC - INFO  - - 033914722 - - - Deploy Step 6 of 9:
2024/04/19-11:52:11.522 UTC - INFO  - - 033914722 - - - ---------------------------------------------------------------------------------------------------------------------
2024/04/19-11:52:11.522 UTC - INFO  - - 033914722 - - - Description: Extract the list of allowable Live Update elements
from the database into the live_update_preference.xml file.
2024/04/19-11:52:11.522 UTC - INFO  - - 033914722 - - - The Process Mode is not Ops Data
2024/04/19-11:52:11.522 UTC - INFO  - - 033914722 - - - 
Result: Success
2024/04/19-11:52:11.523 UTC - INFO  - - 033914722 - - - 


2024/04/19-11:52:11.524 UTC - INFO  - - 033914722 - - - ---------------------------------------------------------------------------------------------------------------------
2024/04/19-11:52:11.524 UTC - INFO  - - 033914722 - - - Deploy Step 7 of 9:
2024/04/19-11:52:11.524 UTC - INFO  - - 033914722 - - - ---------------------------------------------------------------------------------------------------------------------
2024/04/19-11:52:11.525 UTC - INFO  - - 033914722 - - - Description: Loads the new model (deployed from BMIDE) and the old model (previous) 
to compute the elements that were added, deleted, or changed in the BMIDE. 
Verifies that each of these elements are permitted to be updated by verifying against 
the Live Update Elements List from the database. Writes the added, deleted, changed elements to a delta.xml file.

2024/04/19-11:52:11.529 UTC - INFO  - - 033914722 - - - Loading the Backup File...
2024/04/19-11:52:44.298 UTC - INFO  - - 033914722 - - - Loading the Consolidated File...
2024/04/19-11:53:00.555 UTC - INFO  - - 033914722 - - - Comparing the two Files...
2024/04/19-11:53:02.612 UTC - INFO  - - 033914722 - - - Creating the Delta file...
2024/04/19-11:53:02.700 UTC - INFO  - - 033914722 - - - 
Result: Success
2024/04/19-11:53:02.700 UTC - INFO  - - 033914722 - - - 


2024/04/19-11:53:02.702 UTC - INFO  - - 033914722 - - - ---------------------------------------------------------------------------------------------------------------------
2024/04/19-11:53:02.702 UTC - INFO  - - 033914722 - - - Deploy Step 8 of 9:
2024/04/19-11:53:02.702 UTC - INFO  - - 033914722 - - - ---------------------------------------------------------------------------------------------------------------------
2024/04/19-11:53:02.702 UTC - INFO  - - 033914722 - - - Description: Compares model_lang.xml and model_lang_backup.xml and generates delta_lang.xml.
2024/04/19-11:53:02.772 UTC - INFO  - - 033914722 - - - Comparing the two Localization Files...
2024/04/19-11:53:06.091 UTC - INFO  - - 033914722 - - - Creating the Localization Delta file...
2024/04/19-11:53:06.125 UTC - INFO  - - 033914722 - - - 
Result: Success
2024/04/19-11:53:06.127 UTC - INFO  - - 033914722 - - - 


Uploading the project backup files to Database...
	 Processing File:mo4morelo_project_tc14000.3.0.zip
Result: Success



Uploading the project icon files to Database...
Result: Completed uploading the project icon files 



---------------------------------------------------------------------------------------------------------------------
Deploy Step 0 of 0:
---------------------------------------------------------------------------------------------------------------------
Description: Process the delta.xml file committing each data model element to the database.
Executing: business_model_updater.
Result: Success



====================================================================================================================================
Command output for the business_model_updater
====================================================================================================================================
 Log File Name   : C:\Temp\transientVolume_infodba\BMIDE\2024_04_19_13-51-53\process\business_model_updater.log
 Model File Name : C:\Siemens\tcdata\model\delta.xml
 Update Option   : all
 Run Mode        : upgrade
 Process Option  : all
====================================================================================================================================


====================================================================================================================================
Processed Schema Changes:
====================================================================================================================================
Action | Element Type   | Element Name                   | Error # | Error                                           | Template Name
-------|----------------|--------------------------------|---------|-------------------------------------------------|--------------




====================================================================================================================================
Unprocessed Schema Changes:
====================================================================================================================================
Action | Element Type   | Element Name                   | Error # | Error                                           | Template Name
-------|----------------|--------------------------------|---------|-------------------------------------------------|--------------




====================================================================================================================================
Processed Non-Schema Changes:
====================================================================================================================================
Action | Element Type   | Element Name                   | Error # | Error                                           | Template Name
-------|----------------|--------------------------------|---------|-------------------------------------------------|--------------




====================================================================================================================================
Unprocessed Non-Schema Changes:
====================================================================================================================================
Action | Element Type   | Element Name                   | Error # | Error                                           | Template Name
-------|----------------|--------------------------------|---------|-------------------------------------------------|--------------




-------|----------------|--------------------------------|---------|-------------------------------------------------|--------------

*****  Please refer to the Multi-Fields Keys (MFK) updater log at the following location for status of processed MFK type constant attach element(s): C:\Users\install\AppData\Local\Temp\mfk_updater_2024_04_19_13-53-58.log.
Memory=55807329, SQL=440, Time 0.016000s cpu, 0.028000s real at-Statistics

