====================================================================================================================================
Command output for the business_model_updater
====================================================================================================================================
 Log File Name   : C:\Temp\transientVolume_infodba\BMIDE\2024_05_03_14-47-59\process\business_model_updater_lang.log
 Model File Name : C:\Siemens\tcdata\model\lang\delta_lang.xml
 Update Option   : localization
 Run Mode        : upgrade
 Process Option  : all
====================================================================================================================================


====================================================================================================================================
Processed Schema Changes:
====================================================================================================================================
Action | Element Type   | Element Name                   | Error # | Error                                           | Template Name
-------|----------------|--------------------------------|---------|-------------------------------------------------|--------------




====================================================================================================================================
Unprocessed Schema Changes:
====================================================================================================================================
Action | Element Type   | Element Name                   | Error # | Error                                           | Template Name
-------|----------------|--------------------------------|---------|-------------------------------------------------|--------------




====================================================================================================================================
Processed Non-Schema Changes:
====================================================================================================================================
Action | Element Type   | Element Name                   | Error # | Error                                           | Template Name
-------|----------------|--------------------------------|---------|-------------------------------------------------|--------------




====================================================================================================================================
Unprocessed Non-Schema Changes:
====================================================================================================================================
Action | Element Type   | Element Name                   | Error # | Error                                           | Template Name
-------|----------------|--------------------------------|---------|-------------------------------------------------|--------------




-------|----------------|--------------------------------|---------|-------------------------------------------------|--------------

*****  Please refer to the Multi-Fields Keys (MFK) updater log at the following location for status of processed MFK type constant attach element(s): C:\Users\install\AppData\Local\Temp\mfk_updater_2024_05_03_14-49-39.log.
Memory=55807982, SQL=439, Time 0.000000s cpu, 0.004000s real at-Statistics
