----------------------------------------------------------------------------
BMIDE Client Cache generation begins
Start Time: Wed Apr 10 2024 08:10:43 AM Central European Summer Time
----------------------------------------------------------------------------

Number Of Processors:4
Operating System:windows 10
OS Version:10.0

Verifying Teamcenter environment setup...
Verifying the inputs...
Starting to build model from consolidated file...
Time to load the model: [ 71.492 second(s) ] 
Time to retrieve LOV identifiers: [ 1.711 second(s) ] 

Starting to generate Client Cache files...
Client Cache files will be generated at: C:\Siemens\tcdata\clientcache
Number Of Threads:4
Mode:update
Delta File Path:C:\Siemens\tcdata\model\delta.xml
Localization Delta File Path:C:\Siemens\tcdata\model\lang\delta_lang.xml

Generating Client Cache for Types
Types Added:153
Types Changed:0
Types Deleted:0

Generating Client Cache for LOVs
LOVs Added:14
LOVs Changed:0
LOVs Deleted:0

Generating Client Cache for Type Localizations
TypeL10N Added:36
TypeL10N Changed:0
TypeL10N Deleted:0
Number Of Locales:13

Generating Client Cache for LOV Localizations
LOVL10N Added:6
LOVL10N Changed:0
LOVL10N Deleted:0
Number Of Locales:13

Total number of files generated by the cache:2383
(Subtotal of all file generation tasks:  [ 9.205 second(s) ] )

Generating Zip files
Folders zipped:28
Total time to update zips: [ 21.040 second(s) ] 
Uploading the Client Cache files into database...
Total time to process Admin Cache and Upload Time: [ 119.140 second(s) ] 

Total Cache Generation Time: [ 224.898 second(s) ] 
----------------------------------------------------------------------------
End Time: Wed Apr 10 2024 08:14:28 AM Central European Summer Time
----------------------------------------------------------------------------

Client Cache Generator log file is created at: "C:\Temp\transientVolume_infodba\BMIDE\2024_04_10_08-10-41\process\client_meta_cache.log" 

