
------------------------------------------------------------------------------------------------------------------
LogFileName    : Deploy.log
TimeStamp      : 15-May-2024_09-19-00
Options        : Full Update
Deploy Source  : BMIDE
------------------------------------------------------------------------------------------------------------------


------------------------------------------------------------------------------------------------------------------
Deploy Summary
------------------------------------------------------------------------------------------------------------------

*****  BMIDE deployment lock utility results  *****

*****  BMIDE deployment lock utility is successful  *****
2024/05/15-07:19:12.123 UTC - INFO  - - 058701156 - - - Deploy Step 1 of 9: Success
2024/05/15-07:19:13.052 UTC - INFO  - - 058701156 - - - Deploy Step 2 of 9: Success
2024/05/15-07:19:13.106 UTC - INFO  - - 058701156 - - - Deploy Step 3 of 9: Success
2024/05/15-07:19:13.134 UTC - INFO  - - 058701156 - - - Deploy Step 4 of 9: Success
2024/05/15-07:19:28.320 UTC - INFO  - - 058701156 - - - Deploy Step 5 of 9: Success
2024/05/15-07:19:37.232 UTC - INFO  - - 058701156 - - - Deploy Step 6 of 9: Success
2024/05/15-07:21:08.993 UTC - INFO  - - 058701156 - - - Deploy Step 7 of 9: Success
2024/05/15-07:21:15.010 UTC - INFO  - - 058701156 - - - Deploy Step 8 of 9: Success
Deploy Step 0 of 0: Success
2024/05/15-07:19:12.104 UTC - INFO  - - 058701156 - - - ---------------------------------------------------------------------------------------------------------------------
2024/05/15-07:19:12.120 UTC - INFO  - - 058701156 - - - Deploy Step 1 of 9:
2024/05/15-07:19:12.121 UTC - INFO  - - 058701156 - - - ---------------------------------------------------------------------------------------------------------------------
2024/05/15-07:19:12.122 UTC - INFO  - - 058701156 - - - Description: Validating template for deployment 

2024/05/15-07:19:12.122 UTC - INFO  - - 058701156 - - - 
Result: Success
2024/05/15-07:19:12.123 UTC - INFO  - - 058701156 - - - 


2024/05/15-07:19:12.125 UTC - INFO  - - 058701156 - - - ---------------------------------------------------------------------------------------------------------------------
2024/05/15-07:19:12.125 UTC - INFO  - - 058701156 - - - Deploy Step 2 of 9:
2024/05/15-07:19:12.126 UTC - INFO  - - 058701156 - - - ---------------------------------------------------------------------------------------------------------------------
2024/05/15-07:19:12.126 UTC - INFO  - - 058701156 - - - Description: Adding entries to the master.xml file

Adding the following entries:
2024/05/15-07:19:12.131 UTC - INFO  - - 058701156 - - - mo4morelo_template.xml
2024/05/15-07:19:13.049 UTC - INFO  - - 058701156 - - - 
Result: Success


2024/05/15-07:19:13.078 UTC - INFO  - - 058701156 - - - ---------------------------------------------------------------------------------------------------------------------
2024/05/15-07:19:13.081 UTC - INFO  - - 058701156 - - - Deploy Step 3 of 9:
2024/05/15-07:19:13.082 UTC - INFO  - - 058701156 - - - ---------------------------------------------------------------------------------------------------------------------
2024/05/15-07:19:13.083 UTC - INFO  - - 058701156 - - - Description: Backup the existing model.xml file to model_backup.xml. 
Consolidate all templates into the <TC_DATA>/model/model.xml file.
Backing up model.xml to model_backup.xml.

2024/05/15-07:19:13.100 UTC - INFO  - - 058701156 - - - The file model.xml is copied to: C:\Siemens\tcdata\model\model_backup.xml
2024/05/15-07:19:13.100 UTC - INFO  - - 058701156 - - - 
Result: Success
2024/05/15-07:19:13.101 UTC - INFO  - - 058701156 - - - 


2024/05/15-07:19:13.109 UTC - INFO  - - 058701156 - - - ---------------------------------------------------------------------------------------------------------------------
2024/05/15-07:19:13.116 UTC - INFO  - - 058701156 - - - Deploy Step 4 of 9:
2024/05/15-07:19:13.119 UTC - INFO  - - 058701156 - - - ---------------------------------------------------------------------------------------------------------------------
2024/05/15-07:19:13.119 UTC - INFO  - - 058701156 - - - Description: Creates a backup of model_lang.xml into model_lang_backup.xml.
2024/05/15-07:19:13.134 UTC - INFO  - - 058701156 - - - The file model_lang.xml is copied to: C:\Siemens\tcdata\model\lang\model_backup_lang.xml
2024/05/15-07:19:13.134 UTC - INFO  - - 058701156 - - - 
Result: Success
2024/05/15-07:19:13.134 UTC - INFO  - - 058701156 - - - 


2024/05/15-07:19:19.730 UTC - INFO  - - 058701156 - - - ---------------------------------------------------------------------------------------------------------------------
2024/05/15-07:19:19.730 UTC - INFO  - - 058701156 - - - Deploy Step 5 of 9:
2024/05/15-07:19:19.731 UTC - INFO  - - 058701156 - - - ---------------------------------------------------------------------------------------------------------------------
2024/05/15-07:19:19.731 UTC - INFO  - - 058701156 - - - Description: Consolidate templates from master.xml to model.xml. 

2024/05/15-07:19:19.736 UTC - INFO  - - 058701156 - - - The full path to the master file:C:\Siemens\tcdata\model
2024/05/15-07:19:19.736 UTC - INFO  - - 058701156 - - - The full path to the file that should be generated: C:\Siemens\tcdata\model\model.xml
2024/05/15-07:19:28.298 UTC - INFO  - - 058701156 - - - 
Result: Success
2024/05/15-07:19:28.317 UTC - INFO  - - 058701156 - - - 


2024/05/15-07:19:37.230 UTC - INFO  - - 058701156 - - - ---------------------------------------------------------------------------------------------------------------------
2024/05/15-07:19:37.232 UTC - INFO  - - 058701156 - - - Deploy Step 6 of 9:
2024/05/15-07:19:37.232 UTC - INFO  - - 058701156 - - - ---------------------------------------------------------------------------------------------------------------------
2024/05/15-07:19:37.232 UTC - INFO  - - 058701156 - - - Description: Extract the list of allowable Live Update elements
from the database into the live_update_preference.xml file.
2024/05/15-07:19:37.232 UTC - INFO  - - 058701156 - - - The Process Mode is not Ops Data
2024/05/15-07:19:37.232 UTC - INFO  - - 058701156 - - - 
Result: Success
2024/05/15-07:19:37.232 UTC - INFO  - - 058701156 - - - 


2024/05/15-07:19:37.232 UTC - INFO  - - 058701156 - - - ---------------------------------------------------------------------------------------------------------------------
2024/05/15-07:19:37.233 UTC - INFO  - - 058701156 - - - Deploy Step 7 of 9:
2024/05/15-07:19:37.233 UTC - INFO  - - 058701156 - - - ---------------------------------------------------------------------------------------------------------------------
2024/05/15-07:19:37.233 UTC - INFO  - - 058701156 - - - Description: Loads the new model (deployed from BMIDE) and the old model (previous) 
to compute the elements that were added, deleted, or changed in the BMIDE. 
Verifies that each of these elements are permitted to be updated by verifying against 
the Live Update Elements List from the database. Writes the added, deleted, changed elements to a delta.xml file.

2024/05/15-07:19:37.253 UTC - INFO  - - 058701156 - - - Loading the Backup File...
2024/05/15-07:20:30.806 UTC - INFO  - - 058701156 - - - Loading the Consolidated File...
2024/05/15-07:21:05.838 UTC - INFO  - - 058701156 - - - Comparing the two Files...
2024/05/15-07:21:08.881 UTC - INFO  - - 058701156 - - - Creating the Delta file...
2024/05/15-07:21:08.993 UTC - INFO  - - 058701156 - - - 
Result: Success
2024/05/15-07:21:08.993 UTC - INFO  - - 058701156 - - - 


2024/05/15-07:21:08.997 UTC - INFO  - - 058701156 - - - ---------------------------------------------------------------------------------------------------------------------
2024/05/15-07:21:09.000 UTC - INFO  - - 058701156 - - - Deploy Step 8 of 9:
2024/05/15-07:21:09.000 UTC - INFO  - - 058701156 - - - ---------------------------------------------------------------------------------------------------------------------
2024/05/15-07:21:09.000 UTC - INFO  - - 058701156 - - - Description: Compares model_lang.xml and model_lang_backup.xml and generates delta_lang.xml.
2024/05/15-07:21:09.082 UTC - INFO  - - 058701156 - - - Comparing the two Localization Files...
2024/05/15-07:21:14.991 UTC - INFO  - - 058701156 - - - Creating the Localization Delta file...
2024/05/15-07:21:15.009 UTC - INFO  - - 058701156 - - - 
Result: Success
2024/05/15-07:21:15.009 UTC - INFO  - - 058701156 - - - 


Uploading the project backup files to Database...
	 Processing File:mo4morelo_project_tc14000.3.0.zip
Result: Success



Uploading the project icon files to Database...
Result: Completed uploading the project icon files 



---------------------------------------------------------------------------------------------------------------------
Deploy Step 0 of 0:
---------------------------------------------------------------------------------------------------------------------
Description: Process the delta.xml file committing each data model element to the database.
Executing: business_model_updater.
Result: Success



====================================================================================================================================
Command output for the business_model_updater
====================================================================================================================================
 Log File Name   : C:\Temp\transientVolume_infodba\BMIDE\2024_05_15_09-19-00\process\business_model_updater.log
 Model File Name : C:\Siemens\tcdata\model\delta.xml
 Update Option   : all
 Run Mode        : upgrade
 Process Option  : all
====================================================================================================================================


====================================================================================================================================
Processed Schema Changes:
====================================================================================================================================
Action | Element Type   | Element Name                   | Error # | Error                                           | Template Name
-------|----------------|--------------------------------|---------|-------------------------------------------------|--------------




====================================================================================================================================
Unprocessed Schema Changes:
====================================================================================================================================
Action | Element Type   | Element Name                   | Error # | Error                                           | Template Name
-------|----------------|--------------------------------|---------|-------------------------------------------------|--------------




====================================================================================================================================
Processed Non-Schema Changes:
====================================================================================================================================
Action | Element Type   | Element Name                   | Error # | Error                                           | Template Name
-------|----------------|--------------------------------|---------|-------------------------------------------------|--------------
Add    | Condition      | MO4_Is_Group_dba               |       0 | Success                                         |              
Add    | Condition      | MO4_WFFilter_Design            |       0 | Success                                         |              




====================================================================================================================================
Unprocessed Non-Schema Changes:
====================================================================================================================================
Action | Element Type   | Element Name                   | Error # | Error                                           | Template Name
-------|----------------|--------------------------------|---------|-------------------------------------------------|--------------




-------|----------------|--------------------------------|---------|-------------------------------------------------|--------------

*****  Please refer to the Multi-Fields Keys (MFK) updater log at the following location for status of processed MFK type constant attach element(s): C:\Users\install\AppData\Local\Temp\mfk_updater_2024_05_15_09-22-39.log.
Memory=55823344, SQL=476, Time 0.078000s cpu, 0.202000s real at-Statistics

