====================================================================================================================================
Command output for the business_model_updater
====================================================================================================================================
 Log File Name   : C:\Temp\transientVolume_infodba\BMIDE\2024_05_15_09-19-00\process\business_model_updater_lang.log
 Model File Name : C:\Siemens\tcdata\model\lang\delta_lang.xml
 Update Option   : localization
 Run Mode        : upgrade
 Process Option  : all
====================================================================================================================================


====================================================================================================================================
Processed Schema Changes:
====================================================================================================================================
Action | Element Type   | Element Name                   | Error # | Error                                           | Template Name
-------|----------------|--------------------------------|---------|-------------------------------------------------|--------------




====================================================================================================================================
Unprocessed Schema Changes:
====================================================================================================================================
Action | Element Type   | Element Name                   | Error # | Error                                           | Template Name
-------|----------------|--------------------------------|---------|-------------------------------------------------|--------------




====================================================================================================================================
Processed Non-Schema Changes:
====================================================================================================================================
Action | Element Type   | Element Name                   | Error # | Error                                           | Template Name
-------|----------------|--------------------------------|---------|-------------------------------------------------|--------------
Add    | ConditionDescri| MO4_Is_Group_dba               |       0 | Success                                         |              
       | ption          |                                |         |                                                 |              
Add    | ConditionDescri| MO4_WFFilter_Design            |       0 | Success                                         |              
       | ption          |                                |         |                                                 |              




====================================================================================================================================
Unprocessed Non-Schema Changes:
====================================================================================================================================
Action | Element Type   | Element Name                   | Error # | Error                                           | Template Name
-------|----------------|--------------------------------|---------|-------------------------------------------------|--------------




-------|----------------|--------------------------------|---------|-------------------------------------------------|--------------

*****  Please refer to the Multi-Fields Keys (MFK) updater log at the following location for status of processed MFK type constant attach element(s): C:\Users\install\AppData\Local\Temp\mfk_updater_2024_05_15_09-23-36.log.
Memory=55812153, SQL=474, Time 0.078000s cpu, 0.146000s real at-Statistics
