Log file created on on 05-02-2024 01:53 PM
_______________________________________________________________________________



_______________________________________________________________________________
The Data Model for mo4morelo is up-to-date.
_______________________________________________________________________________
Obtaining Build Information...
_______________________________________________________________________________
Updating The Build Files For mo4morelo...   
Updating the build file C:\Siemens\Teamcenter\bmide\workspace\mo4morelo\build\MO4Extensions\makefile.
_______________________________________________________________________________
_______________________________________________________________________________
Generating Source Files... 
_______________________________________________________________________________
Generating code for business objects defined in MO4Extensions
C:\Siemens\Teamcenter\bmide\workspace\mo4morelo\output\generated
C:\Siemens\Teamcenter\bmide\workspace\mo4morelo\src\server
_______________________________________________________________________________
_______________________________________________________________________________
The CDT Nature is up-to-date.
_______________________________________________________________________________
Code generation complete.
_______________________________________________________________________________
