
------------------------------------------------------------------------------------------------------------------
LogFileName    : Deploy.log
TimeStamp      : 18-Apr-2024_16-31-34
Options        : Full Update
Deploy Source  : BMIDE
------------------------------------------------------------------------------------------------------------------


------------------------------------------------------------------------------------------------------------------
Deploy Summary
------------------------------------------------------------------------------------------------------------------

*****  BMIDE deployment lock utility results  *****

*****  BMIDE deployment lock utility is successful  *****
2024/04/18-14:31:44.603 UTC - INFO  - - 0A5DF8267 - - - Deploy Step 1 of 9: Success
2024/04/18-14:31:45.744 UTC - INFO  - - 0A5DF8267 - - - Deploy Step 2 of 9: Success
2024/04/18-14:31:45.810 UTC - INFO  - - 0A5DF8267 - - - Deploy Step 3 of 9: Success
2024/04/18-14:31:45.833 UTC - INFO  - - 0A5DF8267 - - - Deploy Step 4 of 9: Success
2024/04/18-14:32:03.641 UTC - INFO  - - 0A5DF8267 - - - Deploy Step 5 of 9: Success
2024/04/18-14:32:18.240 UTC - INFO  - - 0A5DF8267 - - - Deploy Step 6 of 9: Success
2024/04/18-14:33:51.562 UTC - INFO  - - 0A5DF8267 - - - Deploy Step 7 of 9: Success
2024/04/18-14:33:55.666 UTC - INFO  - - 0A5DF8267 - - - Deploy Step 8 of 9: Success
Deploy Step 0 of 0: Success
2024/04/18-14:31:44.558 UTC - INFO  - - 0A5DF8267 - - - ---------------------------------------------------------------------------------------------------------------------
2024/04/18-14:31:44.596 UTC - INFO  - - 0A5DF8267 - - - Deploy Step 1 of 9:
2024/04/18-14:31:44.597 UTC - INFO  - - 0A5DF8267 - - - ---------------------------------------------------------------------------------------------------------------------
2024/04/18-14:31:44.598 UTC - INFO  - - 0A5DF8267 - - - Description: Validating template for deployment 

2024/04/18-14:31:44.598 UTC - INFO  - - 0A5DF8267 - - - 
Result: Success
2024/04/18-14:31:44.601 UTC - INFO  - - 0A5DF8267 - - - 


2024/04/18-14:31:44.603 UTC - INFO  - - 0A5DF8267 - - - ---------------------------------------------------------------------------------------------------------------------
2024/04/18-14:31:44.603 UTC - INFO  - - 0A5DF8267 - - - Deploy Step 2 of 9:
2024/04/18-14:31:44.616 UTC - INFO  - - 0A5DF8267 - - - ---------------------------------------------------------------------------------------------------------------------
2024/04/18-14:31:44.644 UTC - INFO  - - 0A5DF8267 - - - Description: Adding entries to the master.xml file

Adding the following entries:
2024/04/18-14:31:44.688 UTC - INFO  - - 0A5DF8267 - - - mo4morelo_template.xml
2024/04/18-14:31:45.744 UTC - INFO  - - 0A5DF8267 - - - 
Result: Success


2024/04/18-14:31:45.780 UTC - INFO  - - 0A5DF8267 - - - ---------------------------------------------------------------------------------------------------------------------
2024/04/18-14:31:45.788 UTC - INFO  - - 0A5DF8267 - - - Deploy Step 3 of 9:
2024/04/18-14:31:45.788 UTC - INFO  - - 0A5DF8267 - - - ---------------------------------------------------------------------------------------------------------------------
2024/04/18-14:31:45.788 UTC - INFO  - - 0A5DF8267 - - - Description: Backup the existing model.xml file to model_backup.xml. 
Consolidate all templates into the <TC_DATA>/model/model.xml file.
Backing up model.xml to model_backup.xml.

2024/04/18-14:31:45.806 UTC - INFO  - - 0A5DF8267 - - - The file model.xml is copied to: C:\Siemens\tcdata\model\model_backup.xml
2024/04/18-14:31:45.808 UTC - INFO  - - 0A5DF8267 - - - 
Result: Success
2024/04/18-14:31:45.808 UTC - INFO  - - 0A5DF8267 - - - 


2024/04/18-14:31:45.811 UTC - INFO  - - 0A5DF8267 - - - ---------------------------------------------------------------------------------------------------------------------
2024/04/18-14:31:45.811 UTC - INFO  - - 0A5DF8267 - - - Deploy Step 4 of 9:
2024/04/18-14:31:45.815 UTC - INFO  - - 0A5DF8267 - - - ---------------------------------------------------------------------------------------------------------------------
2024/04/18-14:31:45.815 UTC - INFO  - - 0A5DF8267 - - - Description: Creates a backup of model_lang.xml into model_lang_backup.xml.
2024/04/18-14:31:45.832 UTC - INFO  - - 0A5DF8267 - - - The file model_lang.xml is copied to: C:\Siemens\tcdata\model\lang\model_backup_lang.xml
2024/04/18-14:31:45.832 UTC - INFO  - - 0A5DF8267 - - - 
Result: Success
2024/04/18-14:31:45.833 UTC - INFO  - - 0A5DF8267 - - - 


2024/04/18-14:31:51.565 UTC - INFO  - - 0A5DF8267 - - - ---------------------------------------------------------------------------------------------------------------------
2024/04/18-14:31:51.567 UTC - INFO  - - 0A5DF8267 - - - Deploy Step 5 of 9:
2024/04/18-14:31:51.568 UTC - INFO  - - 0A5DF8267 - - - ---------------------------------------------------------------------------------------------------------------------
2024/04/18-14:31:51.570 UTC - INFO  - - 0A5DF8267 - - - Description: Consolidate templates from master.xml to model.xml. 

2024/04/18-14:31:51.574 UTC - INFO  - - 0A5DF8267 - - - The full path to the master file:C:\Siemens\tcdata\model
2024/04/18-14:31:51.576 UTC - INFO  - - 0A5DF8267 - - - The full path to the file that should be generated: C:\Siemens\tcdata\model\model.xml
2024/04/18-14:32:03.637 UTC - INFO  - - 0A5DF8267 - - - 
Result: Success
2024/04/18-14:32:03.639 UTC - INFO  - - 0A5DF8267 - - - 


2024/04/18-14:32:18.234 UTC - INFO  - - 0A5DF8267 - - - ---------------------------------------------------------------------------------------------------------------------
2024/04/18-14:32:18.237 UTC - INFO  - - 0A5DF8267 - - - Deploy Step 6 of 9:
2024/04/18-14:32:18.238 UTC - INFO  - - 0A5DF8267 - - - ---------------------------------------------------------------------------------------------------------------------
2024/04/18-14:32:18.240 UTC - INFO  - - 0A5DF8267 - - - Description: Extract the list of allowable Live Update elements
from the database into the live_update_preference.xml file.
2024/04/18-14:32:18.240 UTC - INFO  - - 0A5DF8267 - - - The Process Mode is not Ops Data
2024/04/18-14:32:18.240 UTC - INFO  - - 0A5DF8267 - - - 
Result: Success
2024/04/18-14:32:18.240 UTC - INFO  - - 0A5DF8267 - - - 


2024/04/18-14:32:18.243 UTC - INFO  - - 0A5DF8267 - - - ---------------------------------------------------------------------------------------------------------------------
2024/04/18-14:32:18.243 UTC - INFO  - - 0A5DF8267 - - - Deploy Step 7 of 9:
2024/04/18-14:32:18.243 UTC - INFO  - - 0A5DF8267 - - - ---------------------------------------------------------------------------------------------------------------------
2024/04/18-14:32:18.243 UTC - INFO  - - 0A5DF8267 - - - Description: Loads the new model (deployed from BMIDE) and the old model (previous) 
to compute the elements that were added, deleted, or changed in the BMIDE. 
Verifies that each of these elements are permitted to be updated by verifying against 
the Live Update Elements List from the database. Writes the added, deleted, changed elements to a delta.xml file.

2024/04/18-14:32:18.278 UTC - INFO  - - 0A5DF8267 - - - Loading the Backup File...
2024/04/18-14:33:22.985 UTC - INFO  - - 0A5DF8267 - - - Loading the Consolidated File...
2024/04/18-14:33:49.628 UTC - INFO  - - 0A5DF8267 - - - Comparing the two Files...
2024/04/18-14:33:51.501 UTC - INFO  - - 0A5DF8267 - - - Creating the Delta file...
2024/04/18-14:33:51.562 UTC - INFO  - - 0A5DF8267 - - - 
Result: Success
2024/04/18-14:33:51.562 UTC - INFO  - - 0A5DF8267 - - - 


2024/04/18-14:33:51.562 UTC - INFO  - - 0A5DF8267 - - - ---------------------------------------------------------------------------------------------------------------------
2024/04/18-14:33:51.562 UTC - INFO  - - 0A5DF8267 - - - Deploy Step 8 of 9:
2024/04/18-14:33:51.564 UTC - INFO  - - 0A5DF8267 - - - ---------------------------------------------------------------------------------------------------------------------
2024/04/18-14:33:51.564 UTC - INFO  - - 0A5DF8267 - - - Description: Compares model_lang.xml and model_lang_backup.xml and generates delta_lang.xml.
2024/04/18-14:33:51.613 UTC - INFO  - - 0A5DF8267 - - - Comparing the two Localization Files...
2024/04/18-14:33:55.647 UTC - INFO  - - 0A5DF8267 - - - Creating the Localization Delta file...
2024/04/18-14:33:55.664 UTC - INFO  - - 0A5DF8267 - - - 
Result: Success
2024/04/18-14:33:55.666 UTC - INFO  - - 0A5DF8267 - - - 


Uploading the project backup files to Database...
	 Processing File:mo4morelo_project_tc14000.3.0.zip
Result: Success



Uploading the project icon files to Database...
Result: Completed uploading the project icon files 



---------------------------------------------------------------------------------------------------------------------
Deploy Step 0 of 0:
---------------------------------------------------------------------------------------------------------------------
Description: Process the delta.xml file committing each data model element to the database.
Executing: business_model_updater.
Result: Success



====================================================================================================================================
Command output for the business_model_updater
====================================================================================================================================
 Log File Name   : C:\Temp\transientVolume_infodba\BMIDE\2024_04_18_16-31-34\process\business_model_updater.log
 Model File Name : C:\Siemens\tcdata\model\delta.xml
 Update Option   : all
 Run Mode        : upgrade
 Process Option  : all
====================================================================================================================================


====================================================================================================================================
Processed Schema Changes:
====================================================================================================================================
Action | Element Type   | Element Name                   | Error # | Error                                           | Template Name
-------|----------------|--------------------------------|---------|-------------------------------------------------|--------------




====================================================================================================================================
Unprocessed Schema Changes:
====================================================================================================================================
Action | Element Type   | Element Name                   | Error # | Error                                           | Template Name
-------|----------------|--------------------------------|---------|-------------------------------------------------|--------------




====================================================================================================================================
Processed Non-Schema Changes:
====================================================================================================================================
Action | Element Type   | Element Name                   | Error # | Error                                           | Template Name
-------|----------------|--------------------------------|---------|-------------------------------------------------|--------------
Add    | TcTypeConstantA| DisplayName:MO4_Eng_Part       |       0 | Success                                         |              
       | ttach          |                                |         |                                                 |              




====================================================================================================================================
Unprocessed Non-Schema Changes:
====================================================================================================================================
Action | Element Type   | Element Name                   | Error # | Error                                           | Template Name
-------|----------------|--------------------------------|---------|-------------------------------------------------|--------------




-------|----------------|--------------------------------|---------|-------------------------------------------------|--------------

*****  Please refer to the Multi-Fields Keys (MFK) updater log at the following location for status of processed MFK type constant attach element(s): C:\Users\install\AppData\Local\Temp\mfk_updater_2024_04_18_16-34-46.log.
Memory=55810457, SQL=448, Time 0.078000s cpu, 0.143000s real at-Statistics

